This is e-pTeX, Version 3.14159265-p3.6-141210-2.6 (utf8.sjis) (TeX Live 2015/W32TeX) (preloaded format=platex 2016.1.25)  25 JAN 2016 13:42
entering extended mode
 restricted \write18 enabled.
 %&-line parsing enabled.
**./abstract.tex
(./abstract.tex
pLaTeX2e <2006/11/10> (based on LaTeX2e <2015/10/01> patch level 2)
Babel <3.9n> and hyphenation patterns for 79 languages loaded.

! LaTeX Error: Missing \begin{document}.

See the LaTeX manual or LaTeX Companion for explanation.
Type  H <return>  for immediate help.
 ...                                              
                                                  
l.1 研
      究の背景と目的はカクカクシカジカ．
? 
! Emergency stop.
 ...                                              
                                                  
l.1 研
      究の背景と目的はカクカクシカジカ．
You're in trouble here.  Try typing  <return>  to proceed.
If that doesn't work, type  X <return>  to quit.

 
Here is how much of TeX's memory you used:
 5 strings out of 493742
 181 string characters out of 6154161
 53606 words of memory out of 5000000
 3631 multiletter control sequences out of 15000+600000
 7511 words of font info for 31 fonts, out of 8000000 for 9000
 929 hyphenation exceptions out of 8191
 5i,0n,4p,53b,14s stack positions out of 5000i,500n,10000p,200000b,80000s
No pages of output.
